have_library: checking for main() in -lpq... -------------------- no

"gcc -o conftest -I/usr/include/ruby-1.9.1/x86_64-linux -I/usr/include/ruby-1.9.1/ruby/backward -I/usr/include/ruby-1.9.1 -I. -D_FORTIFY_SOURCE=2  -D_FORTIFY_SOURCE=2 -g -O2 -fstack-protector --param=ssp-buffer-size=4 -Wformat -Werror=format-security -Wall -fno-strict-aliasing -fPIC -DHAVE_NO_DATETIME_NEWBANG conftest.c  -L. -L/usr/lib -L. -Wl,-Bsymbolic-functions -Wl,-z,relro -rdynamic -Wl,-export-dynamic     -lruby-1.9.1  -lpthread -lrt -ldl -lcrypt -lm   -lc"
checked program was:
/* begin */
1: #include "ruby.h"
2: 
3: int main() {return 0;}
/* end */

"gcc -o conftest -I/usr/include/ruby-1.9.1/x86_64-linux -I/usr/include/ruby-1.9.1/ruby/backward -I/usr/include/ruby-1.9.1 -I. -D_FORTIFY_SOURCE=2  -D_FORTIFY_SOURCE=2 -g -O2 -fstack-protector --param=ssp-buffer-size=4 -Wformat -Werror=format-security -Wall -fno-strict-aliasing -fPIC -DHAVE_NO_DATETIME_NEWBANG conftest.c  -L. -L/usr/lib -L. -Wl,-Bsymbolic-functions -Wl,-z,relro -rdynamic -Wl,-export-dynamic     -lruby-1.9.1 -lpq  -lpthread -lrt -ldl -lcrypt -lm   -lc"
conftest.c: In function ‘t’:
conftest.c:5:28: warning: variable ‘p’ set but not used [-Wunused-but-set-variable]
/usr/bin/ld: cannot find -lpq
collect2: error: ld returned 1 exit status
checked program was:
/* begin */
1: #include "ruby.h"
2: 
3: /*top*/
4: int main() {return 0;}
5: int t() { void ((*volatile p)()); p = (void ((*)()))main; return 0; }
/* end */

"gcc -o conftest -I/usr/include/ruby-1.9.1/x86_64-linux -I/usr/include/ruby-1.9.1/ruby/backward -I/usr/include/ruby-1.9.1 -I. -D_FORTIFY_SOURCE=2  -D_FORTIFY_SOURCE=2 -g -O2 -fstack-protector --param=ssp-buffer-size=4 -Wformat -Werror=format-security -Wall -fno-strict-aliasing -fPIC -DHAVE_NO_DATETIME_NEWBANG conftest.c  -L. -L/usr/lib -L. -Wl,-Bsymbolic-functions -Wl,-z,relro -rdynamic -Wl,-export-dynamic     -lruby-1.9.1 -lpq  -lpthread -lrt -ldl -lcrypt -lm   -lc"
/usr/bin/ld: cannot find -lpq
collect2: error: ld returned 1 exit status
checked program was:
/* begin */
1: #include "ruby.h"
2: 
3: /*top*/
4: int main() {return 0;}
5: int t() { main(); return 0; }
/* end */

--------------------

have_library: checking for main() in -llibpq... -------------------- no

"gcc -o conftest -I/usr/include/ruby-1.9.1/x86_64-linux -I/usr/include/ruby-1.9.1/ruby/backward -I/usr/include/ruby-1.9.1 -I. -D_FORTIFY_SOURCE=2  -D_FORTIFY_SOURCE=2 -g -O2 -fstack-protector --param=ssp-buffer-size=4 -Wformat -Werror=format-security -Wall -fno-strict-aliasing -fPIC -DHAVE_NO_DATETIME_NEWBANG conftest.c  -L. -L/usr/lib -L. -Wl,-Bsymbolic-functions -Wl,-z,relro -rdynamic -Wl,-export-dynamic     -lruby-1.9.1 -llibpq  -lpthread -lrt -ldl -lcrypt -lm   -lc"
conftest.c: In function ‘t’:
conftest.c:5:28: warning: variable ‘p’ set but not used [-Wunused-but-set-variable]
/usr/bin/ld: cannot find -llibpq
collect2: error: ld returned 1 exit status
checked program was:
/* begin */
1: #include "ruby.h"
2: 
3: /*top*/
4: int main() {return 0;}
5: int t() { void ((*volatile p)()); p = (void ((*)()))main; return 0; }
/* end */

"gcc -o conftest -I/usr/include/ruby-1.9.1/x86_64-linux -I/usr/include/ruby-1.9.1/ruby/backward -I/usr/include/ruby-1.9.1 -I. -D_FORTIFY_SOURCE=2  -D_FORTIFY_SOURCE=2 -g -O2 -fstack-protector --param=ssp-buffer-size=4 -Wformat -Werror=format-security -Wall -fno-strict-aliasing -fPIC -DHAVE_NO_DATETIME_NEWBANG conftest.c  -L. -L/usr/lib -L. -Wl,-Bsymbolic-functions -Wl,-z,relro -rdynamic -Wl,-export-dynamic     -lruby-1.9.1 -llibpq  -lpthread -lrt -ldl -lcrypt -lm   -lc"
/usr/bin/ld: cannot find -llibpq
collect2: error: ld returned 1 exit status
checked program was:
/* begin */
1: #include "ruby.h"
2: 
3: /*top*/
4: int main() {return 0;}
5: int t() { main(); return 0; }
/* end */

--------------------

